<?xml version="1.0" encoding="UTF-8"?>
<testng-results ignored="0" total="2" passed="2" failed="0" skipped="0">
  <reporter-output>
  </reporter-output>
  <suite started-at="2024-02-17T21:11:42 IST" name="Default suite" finished-at="2024-02-17T21:11:59 IST" duration-ms="17011">
    <groups>
      <group name="cucumber">
        <method signature="AbstractTestNGCucumberTests.runScenario(io.cucumber.testng.PickleWrapper,io.cucumber.testng.FeatureWrapper)[pri:0, instance:runner.SignUpModuleRunner@710f4dc7]" name="runScenario" class="io.cucumber.testng.AbstractTestNGCucumberTests"/>
      </group> <!-- cucumber -->
    </groups>
    <test started-at="2024-02-17T21:11:42 IST" name="Default test" finished-at="2024-02-17T21:11:59 IST" duration-ms="17011">
      <class name="runner.SignUpModuleRunner">
        <test-method is-config="true" signature="setUpClass(org.testng.ITestContext)[pri:0, instance:runner.SignUpModuleRunner@710f4dc7]" started-at="2024-02-17T21:11:42 IST" name="setUpClass" finished-at="2024-02-17T21:11:42 IST" duration-ms="551" status="PASS">
          <params>
            <param index="0">
              <value>
                <![CDATA[org.testng.TestRunner@4ed18798]]>
              </value>
            </param>
          </params>
          <reporter-output>
          </reporter-output>
        </test-method> <!-- setUpClass -->
        <test-method signature="runScenario(io.cucumber.testng.PickleWrapper,io.cucumber.testng.FeatureWrapper)[pri:0, instance:runner.SignUpModuleRunner@710f4dc7]" started-at="2024-02-17T21:11:42 IST" name="runScenario" description="Runs Cucumber Scenarios" data-provider="scenarios" finished-at="2024-02-17T21:11:51 IST" duration-ms="8678" status="PASS">
          <params>
            <param index="0">
              <value>
                <![CDATA["Postive Test case for Signup module"]]>
              </value>
            </param>
            <param index="1">
              <value>
                <![CDATA["Signup Module For Parabank Application"]]>
              </value>
            </param>
          </params>
          <reporter-output>
          </reporter-output>
        </test-method> <!-- runScenario -->
        <test-method signature="runScenario(io.cucumber.testng.PickleWrapper,io.cucumber.testng.FeatureWrapper)[pri:0, instance:runner.SignUpModuleRunner@710f4dc7]" started-at="2024-02-17T21:11:51 IST" name="runScenario" description="Runs Cucumber Scenarios" data-provider="scenarios" finished-at="2024-02-17T21:11:58 IST" duration-ms="7445" status="PASS">
          <params>
            <param index="0">
              <value>
                <![CDATA["Postive Test case for Signup module"]]>
              </value>
            </param>
            <param index="1">
              <value>
                <![CDATA["Signup Module For Parabank Application"]]>
              </value>
            </param>
          </params>
          <reporter-output>
          </reporter-output>
        </test-method> <!-- runScenario -->
        <test-method is-config="true" signature="tearDownClass()[pri:0, instance:runner.SignUpModuleRunner@710f4dc7]" started-at="2024-02-17T21:11:58 IST" name="tearDownClass" finished-at="2024-02-17T21:11:59 IST" duration-ms="296" status="PASS">
          <reporter-output>
          </reporter-output>
        </test-method> <!-- tearDownClass -->
      </class> <!-- runner.SignUpModuleRunner -->
    </test> <!-- Default test -->
  </suite> <!-- Default suite -->
</testng-results>
